# JRE version: Java(TM) SE Runtime Environment (24.0.1+9) (build 24.0.1+9-30)
# Java VM: Java HotSpot(TM) 64-Bit Server VM (24.0.1+9-30, mixed mode, sharing, tiered, compressed oops, compressed class ptrs, g1 gc, bsd-aarch64)
Heap:
 garbage-first heap   total reserved 2097152K, committed 133120K, used 70125K [0x0000000780000000, 0x0000000800000000)
  region size 1024K, 54 young (55296K), 1 survivors (1024K)
 Metaspace       used 12946K, committed 13440K, reserved 1114112K
  class space    used 1159K, committed 1344K, reserved 1048576K
GC Heap History (20 events):
Event: 3048.559 GC heap before
{Heap before GC invocations=185 (full 0):
 garbage-first heap   total reserved 2097152K, committed 133120K, used 92653K [0x0000000780000000, 0x0000000800000000)
  region size 1024K, 76 young (77824K), 1 survivors (1024K)
 Metaspace       used 12946K, committed 13440K, reserved 1114112K
  class space    used 1159K, committed 1344K, reserved 1048576K
}
Event: 3048.562 GC heap after
{Heap after GC invocations=186 (full 0):
 garbage-first heap   total reserved 2097152K, committed 133120K, used 12781K [0x0000000780000000, 0x0000000800000000)
  region size 1024K, 1 young (1024K), 1 survivors (1024K)
 Metaspace       used 12946K, committed 13440K, reserved 1114112K
  class space    used 1159K, committed 1344K, reserved 1048576K
}
Event: 3064.659 GC heap before
{Heap before GC invocations=186 (full 0):
 garbage-first heap   total reserved 2097152K, committed 133120K, used 92653K [0x0000000780000000, 0x0000000800000000)
  region size 1024K, 76 young (77824K), 1 survivors (1024K)
 Metaspace       used 12946K, committed 13440K, reserved 1114112K
  class space    used 1159K, committed 1344K, reserved 1048576K
}
Event: 3064.666 GC heap after
{Heap after GC invocations=187 (full 0):
 garbage-first heap   total reserved 2097152K, committed 133120K, used 12783K [0x0000000780000000, 0x0000000800000000)
  region size 1024K, 1 young (1024K), 1 survivors (1024K)
 Metaspace       used 12946K, committed 13440K, reserved 1114112K
  class space    used 1159K, committed 1344K, reserved 1048576K
}
Event: 3080.783 GC heap before
{Heap before GC invocations=187 (full 0):
 garbage-first heap   total reserved 2097152K, committed 133120K, used 92655K [0x0000000780000000, 0x0000000800000000)
  region size 1024K, 76 young (77824K), 1 survivors (1024K)
 Metaspace       used 12946K, committed 13440K, reserved 1114112K
  class space    used 1159K, committed 1344K, reserved 1048576K
}
Event: 3080.784 GC heap after
{Heap after GC invocations=188 (full 0):
 garbage-first heap   total reserved 2097152K, committed 133120K, used 12781K [0x0000000780000000, 0x0000000800000000)
  region size 1024K, 1 young (1024K), 1 survivors (1024K)
 Metaspace       used 12946K, committed 13440K, reserved 1114112K
  class space    used 1159K, committed 1344K, reserved 1048576K
}
Event: 3096.881 GC heap before
{Heap before GC invocations=188 (full 0):
 garbage-first heap   total reserved 2097152K, committed 133120K, used 92653K [0x0000000780000000, 0x0000000800000000)
  region size 1024K, 76 young (77824K), 1 survivors (1024K)
 Metaspace       used 12946K, committed 13440K, reserved 1114112K
  class space    used 1159K, committed 1344K, reserved 1048576K
}
Event: 3096.885 GC heap after
{Heap after GC invocations=189 (full 0):
 garbage-first heap   total reserved 2097152K, committed 133120K, used 12787K [0x0000000780000000, 0x0000000800000000)
  region size 1024K, 1 young (1024K), 1 survivors (1024K)
 Metaspace       used 12946K, committed 13440K, reserved 1114112K
  class space    used 1159K, committed 1344K, reserved 1048576K
}
Event: 3113.003 GC heap before
{Heap before GC invocations=189 (full 0):
 garbage-first heap   total reserved 2097152K, committed 133120K, used 92659K [0x0000000780000000, 0x0000000800000000)
  region size 1024K, 76 young (77824K), 1 survivors (1024K)
 Metaspace       used 12946K, committed 13440K, reserved 1114112K
  class space    used 1159K, committed 1344K, reserved 1048576K
}
Event: 3113.004 GC heap after
{Heap after GC invocations=190 (full 0):
 garbage-first heap   total reserved 2097152K, committed 133120K, used 12783K [0x0000000780000000, 0x0000000800000000)
  region size 1024K, 1 young (1024K), 1 survivors (1024K)
 Metaspace       used 12946K, committed 13440K, reserved 1114112K
  class space    used 1159K, committed 1344K, reserved 1048576K
}
Event: 3129.116 GC heap before
{Heap before GC invocations=190 (full 0):
 garbage-first heap   total reserved 2097152K, committed 133120K, used 92655K [0x0000000780000000, 0x0000000800000000)
  region size 1024K, 76 young (77824K), 1 survivors (1024K)
 Metaspace       used 12946K, committed 13440K, reserved 1114112K
  class space    used 1159K, committed 1344K, reserved 1048576K
}
Event: 3129.118 GC heap after
{Heap after GC invocations=191 (full 0):
 garbage-first heap   total reserved 2097152K, committed 133120K, used 12787K [0x0000000780000000, 0x0000000800000000)
  region size 1024K, 1 young (1024K), 1 survivors (1024K)
 Metaspace       used 12946K, committed 13440K, reserved 1114112K
  class space    used 1159K, committed 1344K, reserved 1048576K
}
Event: 3145.214 GC heap before
{Heap before GC invocations=191 (full 0):
 garbage-first heap   total reserved 2097152K, committed 133120K, used 92659K [0x0000000780000000, 0x0000000800000000)
  region size 1024K, 76 young (77824K), 1 survivors (1024K)
 Metaspace       used 12946K, committed 13440K, reserved 1114112K
  class space    used 1159K, committed 1344K, reserved 1048576K
}
Event: 3145.215 GC heap after
{Heap after GC invocations=192 (full 0):
 garbage-first heap   total reserved 2097152K, committed 133120K, used 12781K [0x0000000780000000, 0x0000000800000000)
  region size 1024K, 1 young (1024K), 1 survivors (1024K)
 Metaspace       used 12946K, committed 13440K, reserved 1114112K
  class space    used 1159K, committed 1344K, reserved 1048576K
}
Event: 3161.878 GC heap before
{Heap before GC invocations=192 (full 0):
 garbage-first heap   total reserved 2097152K, committed 133120K, used 92653K [0x0000000780000000, 0x0000000800000000)
  region size 1024K, 76 young (77824K), 1 survivors (1024K)
 Metaspace       used 12946K, committed 13440K, reserved 1114112K
  class space    used 1159K, committed 1344K, reserved 1048576K
}
Event: 3161.879 GC heap after
{Heap after GC invocations=193 (full 0):
 garbage-first heap   total reserved 2097152K, committed 133120K, used 12787K [0x0000000780000000, 0x0000000800000000)
  region size 1024K, 1 young (1024K), 1 survivors (1024K)
 Metaspace       used 12946K, committed 13440K, reserved 1114112K
  class space    used 1159K, committed 1344K, reserved 1048576K
}
Event: 3178.332 GC heap before
{Heap before GC invocations=193 (full 0):
 garbage-first heap   total reserved 2097152K, committed 133120K, used 92659K [0x0000000780000000, 0x0000000800000000)
  region size 1024K, 76 young (77824K), 1 survivors (1024K)
 Metaspace       used 12946K, committed 13440K, reserved 1114112K
  class space    used 1159K, committed 1344K, reserved 1048576K
}
Event: 3178.341 GC heap after
{Heap after GC invocations=194 (full 0):
 garbage-first heap   total reserved 2097152K, committed 133120K, used 12779K [0x0000000780000000, 0x0000000800000000)
  region size 1024K, 1 young (1024K), 1 survivors (1024K)
 Metaspace       used 12946K, committed 13440K, reserved 1114112K
  class space    used 1159K, committed 1344K, reserved 1048576K
}
Event: 3194.433 GC heap before
{Heap before GC invocations=194 (full 0):
 garbage-first heap   total reserved 2097152K, committed 133120K, used 92651K [0x0000000780000000, 0x0000000800000000)
  region size 1024K, 76 young (77824K), 1 survivors (1024K)
 Metaspace       used 12946K, committed 13440K, reserved 1114112K
  class space    used 1159K, committed 1344K, reserved 1048576K
}
Event: 3194.438 GC heap after
{Heap after GC invocations=195 (full 0):
 garbage-first heap   total reserved 2097152K, committed 133120K, used 12781K [0x0000000780000000, 0x0000000800000000)
  region size 1024K, 1 young (1024K), 1 survivors (1024K)
 Metaspace       used 12946K, committed 13440K, reserved 1114112K
  class space    used 1159K, committed 1344K, reserved 1048576K
}

