# JRE version: Java(TM) SE Runtime Environment (24.0.1+9) (build 24.0.1+9-30)
# Java VM: Java HotSpot(TM) 64-Bit Server VM (24.0.1+9-30, mixed mode, sharing, tiered, compressed oops, compressed class ptrs, g1 gc, bsd-aarch64)
Heap:
 garbage-first heap   total reserved 2097152K, committed 133120K, used 60907K [0x0000000780000000, 0x0000000800000000)
  region size 1024K, 45 young (46080K), 1 survivors (1024K)
 Metaspace       used 13067K, committed 13632K, reserved 1114112K
  class space    used 1166K, committed 1408K, reserved 1048576K
GC Heap History (20 events):
Event: 5008.437 GC heap before
{Heap before GC invocations=393 (full 0):
 garbage-first heap   total reserved 2097152K, committed 133120K, used 92647K [0x0000000780000000, 0x0000000800000000)
  region size 1024K, 76 young (77824K), 1 survivors (1024K)
 Metaspace       used 13067K, committed 13632K, reserved 1114112K
  class space    used 1166K, committed 1408K, reserved 1048576K
}
Event: 5008.440 GC heap after
{Heap after GC invocations=394 (full 0):
 garbage-first heap   total reserved 2097152K, committed 133120K, used 12777K [0x0000000780000000, 0x0000000800000000)
  region size 1024K, 1 young (1024K), 1 survivors (1024K)
 Metaspace       used 13067K, committed 13632K, reserved 1114112K
  class space    used 1166K, committed 1408K, reserved 1048576K
}
Event: 5021.190 GC heap before
{Heap before GC invocations=394 (full 0):
 garbage-first heap   total reserved 2097152K, committed 133120K, used 92649K [0x0000000780000000, 0x0000000800000000)
  region size 1024K, 76 young (77824K), 1 survivors (1024K)
 Metaspace       used 13067K, committed 13632K, reserved 1114112K
  class space    used 1166K, committed 1408K, reserved 1048576K
}
Event: 5021.192 GC heap after
{Heap after GC invocations=395 (full 0):
 garbage-first heap   total reserved 2097152K, committed 133120K, used 12775K [0x0000000780000000, 0x0000000800000000)
  region size 1024K, 1 young (1024K), 1 survivors (1024K)
 Metaspace       used 13067K, committed 13632K, reserved 1114112K
  class space    used 1166K, committed 1408K, reserved 1048576K
}
Event: 5033.938 GC heap before
{Heap before GC invocations=395 (full 0):
 garbage-first heap   total reserved 2097152K, committed 133120K, used 92647K [0x0000000780000000, 0x0000000800000000)
  region size 1024K, 76 young (77824K), 1 survivors (1024K)
 Metaspace       used 13067K, committed 13632K, reserved 1114112K
  class space    used 1166K, committed 1408K, reserved 1048576K
}
Event: 5033.939 GC heap after
{Heap after GC invocations=396 (full 0):
 garbage-first heap   total reserved 2097152K, committed 133120K, used 12773K [0x0000000780000000, 0x0000000800000000)
  region size 1024K, 1 young (1024K), 1 survivors (1024K)
 Metaspace       used 13067K, committed 13632K, reserved 1114112K
  class space    used 1166K, committed 1408K, reserved 1048576K
}
Event: 5046.688 GC heap before
{Heap before GC invocations=396 (full 0):
 garbage-first heap   total reserved 2097152K, committed 133120K, used 92645K [0x0000000780000000, 0x0000000800000000)
  region size 1024K, 76 young (77824K), 1 survivors (1024K)
 Metaspace       used 13067K, committed 13632K, reserved 1114112K
  class space    used 1166K, committed 1408K, reserved 1048576K
}
Event: 5046.690 GC heap after
{Heap after GC invocations=397 (full 0):
 garbage-first heap   total reserved 2097152K, committed 133120K, used 12779K [0x0000000780000000, 0x0000000800000000)
  region size 1024K, 1 young (1024K), 1 survivors (1024K)
 Metaspace       used 13067K, committed 13632K, reserved 1114112K
  class space    used 1166K, committed 1408K, reserved 1048576K
}
Event: 5059.436 GC heap before
{Heap before GC invocations=397 (full 0):
 garbage-first heap   total reserved 2097152K, committed 133120K, used 92651K [0x0000000780000000, 0x0000000800000000)
  region size 1024K, 76 young (77824K), 1 survivors (1024K)
 Metaspace       used 13067K, committed 13632K, reserved 1114112K
  class space    used 1166K, committed 1408K, reserved 1048576K
}
Event: 5059.438 GC heap after
{Heap after GC invocations=398 (full 0):
 garbage-first heap   total reserved 2097152K, committed 133120K, used 12775K [0x0000000780000000, 0x0000000800000000)
  region size 1024K, 1 young (1024K), 1 survivors (1024K)
 Metaspace       used 13067K, committed 13632K, reserved 1114112K
  class space    used 1166K, committed 1408K, reserved 1048576K
}
Event: 5072.184 GC heap before
{Heap before GC invocations=398 (full 0):
 garbage-first heap   total reserved 2097152K, committed 133120K, used 92647K [0x0000000780000000, 0x0000000800000000)
  region size 1024K, 76 young (77824K), 1 survivors (1024K)
 Metaspace       used 13067K, committed 13632K, reserved 1114112K
  class space    used 1166K, committed 1408K, reserved 1048576K
}
Event: 5072.185 GC heap after
{Heap after GC invocations=399 (full 0):
 garbage-first heap   total reserved 2097152K, committed 133120K, used 12779K [0x0000000780000000, 0x0000000800000000)
  region size 1024K, 1 young (1024K), 1 survivors (1024K)
 Metaspace       used 13067K, committed 13632K, reserved 1114112K
  class space    used 1166K, committed 1408K, reserved 1048576K
}
Event: 5084.935 GC heap before
{Heap before GC invocations=399 (full 0):
 garbage-first heap   total reserved 2097152K, committed 133120K, used 92651K [0x0000000780000000, 0x0000000800000000)
  region size 1024K, 76 young (77824K), 1 survivors (1024K)
 Metaspace       used 13067K, committed 13632K, reserved 1114112K
  class space    used 1166K, committed 1408K, reserved 1048576K
}
Event: 5084.937 GC heap after
{Heap after GC invocations=400 (full 0):
 garbage-first heap   total reserved 2097152K, committed 133120K, used 12779K [0x0000000780000000, 0x0000000800000000)
  region size 1024K, 1 young (1024K), 1 survivors (1024K)
 Metaspace       used 13067K, committed 13632K, reserved 1114112K
  class space    used 1166K, committed 1408K, reserved 1048576K
}
Event: 5097.684 GC heap before
{Heap before GC invocations=400 (full 0):
 garbage-first heap   total reserved 2097152K, committed 133120K, used 92651K [0x0000000780000000, 0x0000000800000000)
  region size 1024K, 76 young (77824K), 1 survivors (1024K)
 Metaspace       used 13067K, committed 13632K, reserved 1114112K
  class space    used 1166K, committed 1408K, reserved 1048576K
}
Event: 5097.684 GC heap after
{Heap after GC invocations=401 (full 0):
 garbage-first heap   total reserved 2097152K, committed 133120K, used 12781K [0x0000000780000000, 0x0000000800000000)
  region size 1024K, 1 young (1024K), 1 survivors (1024K)
 Metaspace       used 13067K, committed 13632K, reserved 1114112K
  class space    used 1166K, committed 1408K, reserved 1048576K
}
Event: 5110.441 GC heap before
{Heap before GC invocations=401 (full 0):
 garbage-first heap   total reserved 2097152K, committed 133120K, used 92653K [0x0000000780000000, 0x0000000800000000)
  region size 1024K, 76 young (77824K), 1 survivors (1024K)
 Metaspace       used 13067K, committed 13632K, reserved 1114112K
  class space    used 1166K, committed 1408K, reserved 1048576K
}
Event: 5110.442 GC heap after
{Heap after GC invocations=402 (full 0):
 garbage-first heap   total reserved 2097152K, committed 133120K, used 12777K [0x0000000780000000, 0x0000000800000000)
  region size 1024K, 1 young (1024K), 1 survivors (1024K)
 Metaspace       used 13067K, committed 13632K, reserved 1114112K
  class space    used 1166K, committed 1408K, reserved 1048576K
}
Event: 5123.185 GC heap before
{Heap before GC invocations=402 (full 0):
 garbage-first heap   total reserved 2097152K, committed 133120K, used 92649K [0x0000000780000000, 0x0000000800000000)
  region size 1024K, 76 young (77824K), 1 survivors (1024K)
 Metaspace       used 13067K, committed 13632K, reserved 1114112K
  class space    used 1166K, committed 1408K, reserved 1048576K
}
Event: 5123.188 GC heap after
{Heap after GC invocations=403 (full 0):
 garbage-first heap   total reserved 2097152K, committed 133120K, used 12779K [0x0000000780000000, 0x0000000800000000)
  region size 1024K, 1 young (1024K), 1 survivors (1024K)
 Metaspace       used 13067K, committed 13632K, reserved 1114112K
  class space    used 1166K, committed 1408K, reserved 1048576K
}

